        -:    0:Source:velha.cpp
        -:    0:Graph:velha.gcno
        -:    0:Data:velha.gcda
        -:    0:Runs:1
        -:    1:/**
        -:    2: * \file  velha.cpp
        -:    3: */
        -:    4:
        -:    5: 
        -:    6:#include "velha.hpp"
        -:    7:
        -:    8:/** 
        -:    9: * @brief verifica situacao do jogo da velha  
        -:   10: * @author Programador 
        -:   11: * @param  velha descreve o parametro
        -:   12: * 
        -:   13: *  Descrever o que a funcao faz
        -:   14: */ 
        -:   15:
       15:   16:int VerificaVelha( int velha[3][3] )
        -:   17:{
       15:   18:    int count_vazio = 0;
       15:   19:    int count_x = 0;
       15:   20:    int count_o = 0;
        -:   21:
       57:   22:    for (int i = 0; i < 3; i++) {
      170:   23:        for (int j = 0; j < 3; j++) {
      128:   24:            if (velha[i][j] == 0) count_vazio++;
       74:   25:            else if (velha[i][j] == 1) count_x++;
       34:   26:            else if (velha[i][j] == 2) count_o++;
        1:   27:            else return -2; 
        -:   28:        }
        -:   29:    }
        -:   30:
        -:   31:	
       14:   32:    if (count_vazio == 9) return -1;
       13:   33:    if (count_x > 5 || count_o > 5) return -2;
        -:   34:
        -:   35:	// regra de alternância: X começa
       11:   36:    if (count_x > count_o + 1 || count_o > count_x) return -2;
        -:   37:	
        -:   38:	// vitória por linha
       34:   39:	for (int i = 0; i < 3; i++) {
       26:   40:        if (velha[i][0] == 1 && velha[i][1] == 1 && velha[i][2] == 1) {
        1:   41:            return 1; // X venceu
        -:   42:        }
       25:   43:        if (velha[i][0] == 2 && velha[i][1] == 2 && velha[i][2] == 2) {
        1:   44:            return 2; // O venceu
        -:   45:        }
        -:   46:    }
        -:   47:
        -:   48:	// vitória por coluna
       26:   49:	for (int j = 0; j < 3; j++) {
       21:   50:        if (velha[0][j] == 1 && velha[1][j] == 1 && velha[2][j] == 1) return 1;
       19:   51:        if (velha[0][j] == 2 && velha[1][j] == 2 && velha[2][j] == 2) return 2;
        -:   52:    }
        -:   53:
        -:   54:	// vitória por diagonal
        5:   55:    if (velha[0][0] == 1 && velha[1][1] == 1 && velha[2][2] == 1) return 1;
       4*:   56:    if (velha[0][2] == 1 && velha[1][1] == 1 && velha[2][0] == 1) return 1;
        -:   57:
        4:   58:    if (velha[0][0] == 2 && velha[1][1] == 2 && velha[2][2] == 2) return 2;
       3*:   59:    if (velha[0][2] == 2 && velha[1][1] == 2 && velha[2][0] == 2) return 2;
        -:   60:
        -:   61:    // empate
        3:   62:    if (count_vazio == 0) return 0;
        -:   63:
        -:   64:	// jogo ainda em andamento/indefinido
        2:   65:    return -1; 
        -:   66:}
        -:   67:
        -:   68:
        -:   69:
